<?xml version="1.0" encoding="UTF-8"?>
<testsuite xmlns:xsi="http://www.w3.org/2001/XMLSchema-instance" xsi:noNamespaceSchemaLocation="https://maven.apache.org/surefire/maven-surefire-plugin/xsd/surefire-test-report.xsd" name="com.tydic.xinjiang.kafka.ConsumeTest" time="0.2" tests="1" errors="1" skipped="0" failures="0">
  <properties>
    <property name="sun.desktop" value="windows"/>
    <property name="awt.toolkit" value="sun.awt.windows.WToolkit"/>
    <property name="file.encoding.pkg" value="sun.io"/>
    <property name="java.specification.version" value="1.8"/>
    <property name="sun.cpu.isalist" value="amd64"/>
    <property name="sun.jnu.encoding" value="GBK"/>
    <property name="java.class.path" value="E:\Work\Code\Code_tydic\anhui_1\tydicxinjiangintegration\target\test-classes;E:\Work\Code\Code_tydic\anhui_1\tydicxinjiangintegration\target\classes;E:\Software_For_Work\maven_repository\org\springframework\boot\spring-boot-starter-web\2.0.4.RELEASE\spring-boot-starter-web-2.0.4.RELEASE.jar;E:\Software_For_Work\maven_repository\org\springframework\boot\spring-boot-starter\2.0.4.RELEASE\spring-boot-starter-2.0.4.RELEASE.jar;E:\Software_For_Work\maven_repository\org\springframework\boot\spring-boot\2.0.4.RELEASE\spring-boot-2.0.4.RELEASE.jar;E:\Software_For_Work\maven_repository\org\springframework\boot\spring-boot-autoconfigure\2.0.4.RELEASE\spring-boot-autoconfigure-2.0.4.RELEASE.jar;E:\Software_For_Work\maven_repository\org\springframework\boot\spring-boot-starter-logging\2.0.4.RELEASE\spring-boot-starter-logging-2.0.4.RELEASE.jar;E:\Software_For_Work\maven_repository\ch\qos\logback\logback-classic\1.2.3\logback-classic-1.2.3.jar;E:\Software_For_Work\maven_repository\ch\qos\logback\logback-core\1.2.3\logback-core-1.2.3.jar;E:\Software_For_Work\maven_repository\org\apache\logging\log4j\log4j-to-slf4j\2.10.0\log4j-to-slf4j-2.10.0.jar;E:\Software_For_Work\maven_repository\org\apache\logging\log4j\log4j-api\2.10.0\log4j-api-2.10.0.jar;E:\Software_For_Work\maven_repository\org\slf4j\jul-to-slf4j\1.7.25\jul-to-slf4j-1.7.25.jar;E:\Software_For_Work\maven_repository\javax\annotation\javax.annotation-api\1.3.2\javax.annotation-api-1.3.2.jar;E:\Software_For_Work\maven_repository\org\springframework\spring-core\5.0.8.RELEASE\spring-core-5.0.8.RELEASE.jar;E:\Software_For_Work\maven_repository\org\springframework\spring-jcl\5.0.8.RELEASE\spring-jcl-5.0.8.RELEASE.jar;E:\Software_For_Work\maven_repository\org\yaml\snakeyaml\1.19\snakeyaml-1.19.jar;E:\Software_For_Work\maven_repository\org\springframework\boot\spring-boot-starter-json\2.0.4.RELEASE\spring-boot-starter-json-2.0.4.RELEASE.jar;E:\Software_For_Work\maven_repository\com\fasterxml\jackson\datatype\jackson-datatype-jdk8\2.9.6\jackson-datatype-jdk8-2.9.6.jar;E:\Software_For_Work\maven_repository\com\fasterxml\jackson\datatype\jackson-datatype-jsr310\2.9.6\jackson-datatype-jsr310-2.9.6.jar;E:\Software_For_Work\maven_repository\com\fasterxml\jackson\module\jackson-module-parameter-names\2.9.6\jackson-module-parameter-names-2.9.6.jar;E:\Software_For_Work\maven_repository\org\springframework\boot\spring-boot-starter-tomcat\2.0.4.RELEASE\spring-boot-starter-tomcat-2.0.4.RELEASE.jar;E:\Software_For_Work\maven_repository\org\apache\tomcat\embed\tomcat-embed-core\8.5.32\tomcat-embed-core-8.5.32.jar;E:\Software_For_Work\maven_repository\org\apache\tomcat\embed\tomcat-embed-el\8.5.32\tomcat-embed-el-8.5.32.jar;E:\Software_For_Work\maven_repository\org\apache\tomcat\embed\tomcat-embed-websocket\8.5.32\tomcat-embed-websocket-8.5.32.jar;E:\Software_For_Work\maven_repository\org\hibernate\validator\hibernate-validator\6.0.11.Final\hibernate-validator-6.0.11.Final.jar;E:\Software_For_Work\maven_repository\javax\validation\validation-api\2.0.1.Final\validation-api-2.0.1.Final.jar;E:\Software_For_Work\maven_repository\org\jboss\logging\jboss-logging\3.3.2.Final\jboss-logging-3.3.2.Final.jar;E:\Software_For_Work\maven_repository\com\fasterxml\classmate\1.3.4\classmate-1.3.4.jar;E:\Software_For_Work\maven_repository\org\springframework\spring-web\5.0.8.RELEASE\spring-web-5.0.8.RELEASE.jar;E:\Software_For_Work\maven_repository\org\springframework\spring-beans\5.0.8.RELEASE\spring-beans-5.0.8.RELEASE.jar;E:\Software_For_Work\maven_repository\org\springframework\spring-webmvc\5.0.8.RELEASE\spring-webmvc-5.0.8.RELEASE.jar;E:\Software_For_Work\maven_repository\org\springframework\spring-aop\5.0.8.RELEASE\spring-aop-5.0.8.RELEASE.jar;E:\Software_For_Work\maven_repository\org\springframework\spring-context\5.0.8.RELEASE\spring-context-5.0.8.RELEASE.jar;E:\Software_For_Work\maven_repository\org\springframework\spring-expression\5.0.8.RELEASE\spring-expression-5.0.8.RELEASE.jar;E:\Software_For_Work\maven_repository\org\apache\kafka\kafka_2.12\1.0.2\kafka_2.12-1.0.2.jar;E:\Software_For_Work\maven_repository\com\fasterxml\jackson\core\jackson-databind\2.9.6\jackson-databind-2.9.6.jar;E:\Software_For_Work\maven_repository\com\fasterxml\jackson\core\jackson-annotations\2.9.0\jackson-annotations-2.9.0.jar;E:\Software_For_Work\maven_repository\com\fasterxml\jackson\core\jackson-core\2.9.6\jackson-core-2.9.6.jar;E:\Software_For_Work\maven_repository\net\sf\jopt-simple\jopt-simple\5.0.4\jopt-simple-5.0.4.jar;E:\Software_For_Work\maven_repository\com\yammer\metrics\metrics-core\2.2.0\metrics-core-2.2.0.jar;E:\Software_For_Work\maven_repository\org\scala-lang\scala-library\2.12.4\scala-library-2.12.4.jar;E:\Software_For_Work\maven_repository\org\slf4j\slf4j-log4j12\1.7.25\slf4j-log4j12-1.7.25.jar;E:\Software_For_Work\maven_repository\log4j\log4j\1.2.17\log4j-1.2.17.jar;E:\Software_For_Work\maven_repository\com\101tec\zkclient\0.10\zkclient-0.10.jar;E:\Software_For_Work\maven_repository\org\apache\zookeeper\zookeeper\3.4.10\zookeeper-3.4.10.jar;E:\Software_For_Work\maven_repository\org\apache\kafka\kafka-clients\1.0.2\kafka-clients-1.0.2.jar;E:\Software_For_Work\maven_repository\org\lz4\lz4-java\1.4\lz4-java-1.4.jar;E:\Software_For_Work\maven_repository\org\xerial\snappy\snappy-java\1.1.4\snappy-java-1.1.4.jar;E:\Software_For_Work\maven_repository\org\slf4j\slf4j-api\1.7.25\slf4j-api-1.7.25.jar;E:\Software_For_Work\maven_repository\redis\clients\jedis\2.9.0\jedis-2.9.0.jar;E:\Software_For_Work\maven_repository\org\apache\commons\commons-pool2\2.5.0\commons-pool2-2.5.0.jar;E:\Software_For_Work\maven_repository\org\springframework\boot\spring-boot-starter-websocket\2.0.4.RELEASE\spring-boot-starter-websocket-2.0.4.RELEASE.jar;E:\Software_For_Work\maven_repository\org\springframework\spring-messaging\5.0.8.RELEASE\spring-messaging-5.0.8.RELEASE.jar;E:\Software_For_Work\maven_repository\org\springframework\spring-websocket\5.0.8.RELEASE\spring-websocket-5.0.8.RELEASE.jar;E:\Software_For_Work\maven_repository\junit\junit\4.12\junit-4.12.jar;E:\Software_For_Work\maven_repository\org\hamcrest\hamcrest-core\1.3\hamcrest-core-1.3.jar;E:\Software_For_Work\maven_repository\com\alibaba\fastjson\1.2.4\fastjson-1.2.4.jar;"/>
    <property name="java.vm.vendor" value="Oracle Corporation"/>
    <property name="sun.arch.data.model" value="64"/>
    <property name="user.variant" value=""/>
    <property name="java.vendor.url" value="http://java.oracle.com/"/>
    <property name="user.timezone" value=""/>
    <property name="java.vm.specification.version" value="1.8"/>
    <property name="os.name" value="Windows 10"/>
    <property name="user.country" value="CN"/>
    <property name="sun.java.launcher" value="SUN_STANDARD"/>
    <property name="sun.boot.library.path" value="E:\Software_For_Work\Java\jdk1.8.0_181\jre\bin"/>
    <property name="sun.java.command" value="C:\Users\SONIC\AppData\Local\Temp\surefire4984054899326792903\surefirebooter4639699078472261703.jar C:\Users\SONIC\AppData\Local\Temp\surefire4984054899326792903 2018-11-20T23-56-35_605-jvmRun1 surefire3626427408477580774tmp surefire_03930580337227091808tmp"/>
    <property name="surefire.test.class.path" value="E:\Work\Code\Code_tydic\anhui_1\tydicxinjiangintegration\target\test-classes;E:\Work\Code\Code_tydic\anhui_1\tydicxinjiangintegration\target\classes;E:\Software_For_Work\maven_repository\org\springframework\boot\spring-boot-starter-web\2.0.4.RELEASE\spring-boot-starter-web-2.0.4.RELEASE.jar;E:\Software_For_Work\maven_repository\org\springframework\boot\spring-boot-starter\2.0.4.RELEASE\spring-boot-starter-2.0.4.RELEASE.jar;E:\Software_For_Work\maven_repository\org\springframework\boot\spring-boot\2.0.4.RELEASE\spring-boot-2.0.4.RELEASE.jar;E:\Software_For_Work\maven_repository\org\springframework\boot\spring-boot-autoconfigure\2.0.4.RELEASE\spring-boot-autoconfigure-2.0.4.RELEASE.jar;E:\Software_For_Work\maven_repository\org\springframework\boot\spring-boot-starter-logging\2.0.4.RELEASE\spring-boot-starter-logging-2.0.4.RELEASE.jar;E:\Software_For_Work\maven_repository\ch\qos\logback\logback-classic\1.2.3\logback-classic-1.2.3.jar;E:\Software_For_Work\maven_repository\ch\qos\logback\logback-core\1.2.3\logback-core-1.2.3.jar;E:\Software_For_Work\maven_repository\org\apache\logging\log4j\log4j-to-slf4j\2.10.0\log4j-to-slf4j-2.10.0.jar;E:\Software_For_Work\maven_repository\org\apache\logging\log4j\log4j-api\2.10.0\log4j-api-2.10.0.jar;E:\Software_For_Work\maven_repository\org\slf4j\jul-to-slf4j\1.7.25\jul-to-slf4j-1.7.25.jar;E:\Software_For_Work\maven_repository\javax\annotation\javax.annotation-api\1.3.2\javax.annotation-api-1.3.2.jar;E:\Software_For_Work\maven_repository\org\springframework\spring-core\5.0.8.RELEASE\spring-core-5.0.8.RELEASE.jar;E:\Software_For_Work\maven_repository\org\springframework\spring-jcl\5.0.8.RELEASE\spring-jcl-5.0.8.RELEASE.jar;E:\Software_For_Work\maven_repository\org\yaml\snakeyaml\1.19\snakeyaml-1.19.jar;E:\Software_For_Work\maven_repository\org\springframework\boot\spring-boot-starter-json\2.0.4.RELEASE\spring-boot-starter-json-2.0.4.RELEASE.jar;E:\Software_For_Work\maven_repository\com\fasterxml\jackson\datatype\jackson-datatype-jdk8\2.9.6\jackson-datatype-jdk8-2.9.6.jar;E:\Software_For_Work\maven_repository\com\fasterxml\jackson\datatype\jackson-datatype-jsr310\2.9.6\jackson-datatype-jsr310-2.9.6.jar;E:\Software_For_Work\maven_repository\com\fasterxml\jackson\module\jackson-module-parameter-names\2.9.6\jackson-module-parameter-names-2.9.6.jar;E:\Software_For_Work\maven_repository\org\springframework\boot\spring-boot-starter-tomcat\2.0.4.RELEASE\spring-boot-starter-tomcat-2.0.4.RELEASE.jar;E:\Software_For_Work\maven_repository\org\apache\tomcat\embed\tomcat-embed-core\8.5.32\tomcat-embed-core-8.5.32.jar;E:\Software_For_Work\maven_repository\org\apache\tomcat\embed\tomcat-embed-el\8.5.32\tomcat-embed-el-8.5.32.jar;E:\Software_For_Work\maven_repository\org\apache\tomcat\embed\tomcat-embed-websocket\8.5.32\tomcat-embed-websocket-8.5.32.jar;E:\Software_For_Work\maven_repository\org\hibernate\validator\hibernate-validator\6.0.11.Final\hibernate-validator-6.0.11.Final.jar;E:\Software_For_Work\maven_repository\javax\validation\validation-api\2.0.1.Final\validation-api-2.0.1.Final.jar;E:\Software_For_Work\maven_repository\org\jboss\logging\jboss-logging\3.3.2.Final\jboss-logging-3.3.2.Final.jar;E:\Software_For_Work\maven_repository\com\fasterxml\classmate\1.3.4\classmate-1.3.4.jar;E:\Software_For_Work\maven_repository\org\springframework\spring-web\5.0.8.RELEASE\spring-web-5.0.8.RELEASE.jar;E:\Software_For_Work\maven_repository\org\springframework\spring-beans\5.0.8.RELEASE\spring-beans-5.0.8.RELEASE.jar;E:\Software_For_Work\maven_repository\org\springframework\spring-webmvc\5.0.8.RELEASE\spring-webmvc-5.0.8.RELEASE.jar;E:\Software_For_Work\maven_repository\org\springframework\spring-aop\5.0.8.RELEASE\spring-aop-5.0.8.RELEASE.jar;E:\Software_For_Work\maven_repository\org\springframework\spring-context\5.0.8.RELEASE\spring-context-5.0.8.RELEASE.jar;E:\Software_For_Work\maven_repository\org\springframework\spring-expression\5.0.8.RELEASE\spring-expression-5.0.8.RELEASE.jar;E:\Software_For_Work\maven_repository\org\apache\kafka\kafka_2.12\1.0.2\kafka_2.12-1.0.2.jar;E:\Software_For_Work\maven_repository\com\fasterxml\jackson\core\jackson-databind\2.9.6\jackson-databind-2.9.6.jar;E:\Software_For_Work\maven_repository\com\fasterxml\jackson\core\jackson-annotations\2.9.0\jackson-annotations-2.9.0.jar;E:\Software_For_Work\maven_repository\com\fasterxml\jackson\core\jackson-core\2.9.6\jackson-core-2.9.6.jar;E:\Software_For_Work\maven_repository\net\sf\jopt-simple\jopt-simple\5.0.4\jopt-simple-5.0.4.jar;E:\Software_For_Work\maven_repository\com\yammer\metrics\metrics-core\2.2.0\metrics-core-2.2.0.jar;E:\Software_For_Work\maven_repository\org\scala-lang\scala-library\2.12.4\scala-library-2.12.4.jar;E:\Software_For_Work\maven_repository\org\slf4j\slf4j-log4j12\1.7.25\slf4j-log4j12-1.7.25.jar;E:\Software_For_Work\maven_repository\log4j\log4j\1.2.17\log4j-1.2.17.jar;E:\Software_For_Work\maven_repository\com\101tec\zkclient\0.10\zkclient-0.10.jar;E:\Software_For_Work\maven_repository\org\apache\zookeeper\zookeeper\3.4.10\zookeeper-3.4.10.jar;E:\Software_For_Work\maven_repository\org\apache\kafka\kafka-clients\1.0.2\kafka-clients-1.0.2.jar;E:\Software_For_Work\maven_repository\org\lz4\lz4-java\1.4\lz4-java-1.4.jar;E:\Software_For_Work\maven_repository\org\xerial\snappy\snappy-java\1.1.4\snappy-java-1.1.4.jar;E:\Software_For_Work\maven_repository\org\slf4j\slf4j-api\1.7.25\slf4j-api-1.7.25.jar;E:\Software_For_Work\maven_repository\redis\clients\jedis\2.9.0\jedis-2.9.0.jar;E:\Software_For_Work\maven_repository\org\apache\commons\commons-pool2\2.5.0\commons-pool2-2.5.0.jar;E:\Software_For_Work\maven_repository\org\springframework\boot\spring-boot-starter-websocket\2.0.4.RELEASE\spring-boot-starter-websocket-2.0.4.RELEASE.jar;E:\Software_For_Work\maven_repository\org\springframework\spring-messaging\5.0.8.RELEASE\spring-messaging-5.0.8.RELEASE.jar;E:\Software_For_Work\maven_repository\org\springframework\spring-websocket\5.0.8.RELEASE\spring-websocket-5.0.8.RELEASE.jar;E:\Software_For_Work\maven_repository\junit\junit\4.12\junit-4.12.jar;E:\Software_For_Work\maven_repository\org\hamcrest\hamcrest-core\1.3\hamcrest-core-1.3.jar;E:\Software_For_Work\maven_repository\com\alibaba\fastjson\1.2.4\fastjson-1.2.4.jar;"/>
    <property name="sun.cpu.endian" value="little"/>
    <property name="user.home" value="C:\Users\SONIC"/>
    <property name="user.language" value="zh"/>
    <property name="java.specification.vendor" value="Oracle Corporation"/>
    <property name="java.home" value="E:\Software_For_Work\Java\jdk1.8.0_181\jre"/>
    <property name="basedir" value="E:\Work\Code\Code_tydic\anhui_1\tydicxinjiangintegration"/>
    <property name="file.separator" value="\"/>
    <property name="line.separator" value="&#10;"/>
    <property name="java.vm.specification.vendor" value="Oracle Corporation"/>
    <property name="java.specification.name" value="Java Platform API Specification"/>
    <property name="java.awt.graphicsenv" value="sun.awt.Win32GraphicsEnvironment"/>
    <property name="surefire.real.class.path" value="C:\Users\SONIC\AppData\Local\Temp\surefire4984054899326792903\surefirebooter4639699078472261703.jar"/>
    <property name="sun.boot.class.path" value="E:\Software_For_Work\Java\jdk1.8.0_181\jre\lib\resources.jar;E:\Software_For_Work\Java\jdk1.8.0_181\jre\lib\rt.jar;E:\Software_For_Work\Java\jdk1.8.0_181\jre\lib\sunrsasign.jar;E:\Software_For_Work\Java\jdk1.8.0_181\jre\lib\jsse.jar;E:\Software_For_Work\Java\jdk1.8.0_181\jre\lib\jce.jar;E:\Software_For_Work\Java\jdk1.8.0_181\jre\lib\charsets.jar;E:\Software_For_Work\Java\jdk1.8.0_181\jre\lib\jfr.jar;E:\Software_For_Work\Java\jdk1.8.0_181\jre\classes"/>
    <property name="user.script" value=""/>
    <property name="sun.management.compiler" value="HotSpot 64-Bit Tiered Compilers"/>
    <property name="java.runtime.version" value="1.8.0_181-b13"/>
    <property name="user.name" value="SONIC"/>
    <property name="path.separator" value=";"/>
    <property name="os.version" value="10.0"/>
    <property name="java.endorsed.dirs" value="E:\Software_For_Work\Java\jdk1.8.0_181\jre\lib\endorsed"/>
    <property name="java.runtime.name" value="Java(TM) SE Runtime Environment"/>
    <property name="file.encoding" value="GBK"/>
    <property name="java.vm.name" value="Java HotSpot(TM) 64-Bit Server VM"/>
    <property name="localRepository" value="E:\Software_For_Work\maven_repository"/>
    <property name="java.vendor.url.bug" value="http://bugreport.sun.com/bugreport/"/>
    <property name="java.io.tmpdir" value="C:\Users\SONIC\AppData\Local\Temp\"/>
    <property name="java.version" value="1.8.0_181"/>
    <property name="user.dir" value="E:\Work\Code\Code_tydic\anhui_1\tydicxinjiangintegration"/>
    <property name="os.arch" value="amd64"/>
    <property name="java.vm.specification.name" value="Java Virtual Machine Specification"/>
    <property name="java.awt.printerjob" value="sun.awt.windows.WPrinterJob"/>
    <property name="sun.os.patch.level" value=""/>
    <property name="java.library.path" value="E:\Software_For_Work\Java\jdk1.8.0_181\jre\bin;C:\WINDOWS\Sun\Java\bin;C:\WINDOWS\system32;C:\WINDOWS;C:\Program Files (x86)\Common Files\Oracle\Java\javapath;C:\Program Files (x86)\Intel\Intel(R) Management Engine Components\iCLS\;C:\Program Files\Intel\Intel(R) Management Engine Components\iCLS\;C:\Windows\system32;C:\Windows;C:\Windows\System32\Wbem;C:\Windows\System32\WindowsPowerShell\v1.0\;C:\Program Files (x86)\Intel\Intel(R) Management Engine Components\DAL;C:\Program Files\Intel\Intel(R) Management Engine Components\DAL;C:\Program Files (x86)\Intel\Intel(R) Management Engine Components\IPT;C:\Program Files\Intel\Intel(R) Management Engine Components\IPT;C:\Program Files (x86)\NVIDIA Corporation\PhysX\Common;E:\Software_For_Work\Java\jdk1.8.0_181\bin;E:\Software_For_Work\Java\jdk1.8.0_181\jre\bin;E:\Software_For_Work\apache-maven-3.5.4\bin;E:\Software_For_Work\TortoiseSVN\bin;E:\Software_For_Work\Git\cmd;E:\Software_For_Work\TortoiseHg\;C:\WINDOWS\system32;C:\WINDOWS;C:\WINDOWS\System32\Wbem;C:\WINDOWS\System32\WindowsPowerShell\v1.0\;C:\WINDOWS\System32\OpenSSH\;C:\Users\SONIC\AppData\Local\Microsoft\WindowsApps;;."/>
    <property name="java.vm.info" value="mixed mode"/>
    <property name="java.vendor" value="Oracle Corporation"/>
    <property name="java.vm.version" value="25.181-b13"/>
    <property name="java.ext.dirs" value="E:\Software_For_Work\Java\jdk1.8.0_181\jre\lib\ext;C:\WINDOWS\Sun\Java\lib\ext"/>
    <property name="sun.io.unicode.encoding" value="UnicodeLittle"/>
    <property name="java.class.version" value="52.0"/>
  </properties>
  <testcase name="consume" classname="com.tydic.xinjiang.kafka.ConsumeTest" time="0.12">
    <error message="Invalid value org.apache.kafka.com.tydic.xinjiang.common.serialization.StringDeserializer for configuration key.deserializer: Class org.apache.kafka.com.tydic.xinjiang.common.serialization.StringDeserializer could not be found." type="org.apache.kafka.common.config.ConfigException">org.apache.kafka.common.config.ConfigException: Invalid value org.apache.kafka.com.tydic.xinjiang.common.serialization.StringDeserializer for configuration key.deserializer: Class org.apache.kafka.com.tydic.xinjiang.common.serialization.StringDeserializer could not be found.
	at com.tydic.xinjiang.kafka.ConsumeTest.connectionKafka(ConsumeTest.java:36)
	at com.tydic.xinjiang.kafka.ConsumeTest.consume(ConsumeTest.java:30)
</error>
    <system-out><![CDATA[begin consumer
]]></system-out>
    <system-err><![CDATA[SLF4J: Class path contains multiple SLF4J bindings.
SLF4J: Found binding in [jar:file:/E:/Software_For_Work/maven_repository/ch/qos/logback/logback-classic/1.2.3/logback-classic-1.2.3.jar!/org/slf4j/impl/StaticLoggerBinder.class]
SLF4J: Found binding in [jar:file:/E:/Software_For_Work/maven_repository/org/slf4j/slf4j-log4j12/1.7.25/slf4j-log4j12-1.7.25.jar!/org/slf4j/impl/StaticLoggerBinder.class]
SLF4J: See http://www.slf4j.org/codes.html#multiple_bindings for an explanation.
SLF4J: Actual binding is of type [ch.qos.logback.classic.util.ContextSelectorStaticBinder]
]]></system-err>
  </testcase>
</testsuite>